2024-11-30 16:12:20,853 - nocodb_operations - DEBUG - NocoDB logger initialized
2024-11-30 16:13:25,769 - nocodb_operations - INFO - Initializing NocoDB storage...
2024-11-30 16:13:25,769 - nocodb_operations - INFO - Loading NocoDB configuration...
2024-11-30 16:13:25,769 - nocodb_operations - DEBUG - Looking for config at: e:\PROJECTS\instagram automation\virtualinfluencer\accounts\quecreate\nocodb.yml
2024-11-30 16:13:25,779 - nocodb_operations - INFO - Testing NocoDB connection...
2024-11-30 16:13:25,779 - nocodb_operations - DEBUG - NocoDB: Making GET request to http://192.168.50.114:8080/api/v1/health
2024-11-30 16:13:25,806 - nocodb_operations - INFO - Verifying project pvazjom12m1ho5k...
2024-11-30 16:13:25,806 - nocodb_operations - DEBUG - NocoDB: Making GET request to http://192.168.50.114:8080/api/v1/db/meta/projects/pvazjom12m1ho5k
2024-11-30 16:13:25,822 - nocodb_operations - INFO - NocoDB connection successful!
2024-11-30 16:13:25,822 - nocodb_operations - INFO - Initializing tables...
2024-11-30 16:13:25,822 - nocodb_operations - INFO - NocoDB: Initializing tables...
2024-11-30 16:13:25,822 - nocodb_operations - DEBUG - NocoDB: Checking project pvazjom12m1ho5k
2024-11-30 16:13:25,822 - nocodb_operations - DEBUG - NocoDB: Making GET request to http://192.168.50.114:8080/api/v1/db/meta/projects/pvazjom12m1ho5k
2024-11-30 16:13:25,851 - nocodb_operations - INFO - NocoDB: Project pvazjom12m1ho5k exists
2024-11-30 16:13:25,851 - nocodb_operations - DEBUG - NocoDB: Getting existing tables
2024-11-30 16:13:25,851 - nocodb_operations - DEBUG - NocoDB: Making GET request to http://192.168.50.114:8080/api/v1/db/meta/projects/pvazjom12m1ho5k/tables
2024-11-30 16:13:25,868 - nocodb_operations - DEBUG - NocoDB: Found existing tables: ['interacted users', 'history filters users']
2024-11-30 16:13:25,868 - nocodb_operations - DEBUG - NocoDB: Checking table Interacted Users
2024-11-30 16:13:25,868 - nocodb_operations - INFO - NocoDB: Table Interacted Users already exists
2024-11-30 16:13:25,868 - nocodb_operations - DEBUG - NocoDB: Checking table History Filters Users
2024-11-30 16:13:25,868 - nocodb_operations - INFO - NocoDB: Table History Filters Users already exists
2024-11-30 16:13:25,868 - nocodb_operations - INFO - NocoDB: Tables initialized successfully
2024-11-30 16:13:25,871 - nocodb_operations - INFO - NocoDB storage initialized successfully!
